2917935
2918300
2918666
2919031
2919396
2919761
2920127
2920492
2920857
2921222
2921588
2921953
2922318
2922683
2923049
2923414
2923779
2924144
2924510
2924875
2925240
2925605
2925971
2926336
2926701
2927066
2927432
2927797
2928162
2928527
2928893
2929258
2929623
2929988
2930354
2930719
2931084
2931449
2931815
2932180
2932545
2932910
2933276
2933641
2934006
2934371
2934737
2935102
2935467
2935832
2936198
2936563
2936928
2937293
2937659
2938024
2938389
2938754
2939120
2939485
2939850
2940215
2940581
2940946
2941311
2941676
2942042
2942407
2942772
2943137
2943503
2943868
2944233
2944598
2944964
2945329
2945694
2946059
2946425
2946790
2947155
2947520
2947886
2948251
2948616
2948981
2949347
2949712
2950077
2950442
2950808
2951173
2951538
2951903
2952269
2952634
2952999
2953364
2953730
2954095
2954460
2954825
2955190
2955555
2955920
2956285
2956651
2957016
2957381
2957746
2958112
2958477
2958842
2959207
2959573
2959938
2960303
2960668
2961034
2961399
2961764
2962129
2962495
2962860
2963225
2963590
2963956
2964321
2964686
2965051
2965417
2965782
2966147
2966512
2966878
2967243
2967608
2967973
2968339
2968704
2969069
2969434
2969800
2970165
2970530
2970895
2971261
2971626
2971991
2972356
2972722
2973087
2973452
2973817
2974183
2974548
2974913
2975278
2975644
2976009
2976374
2976739
2977105
2977470
2977835
2978200
2978566
2978931
2979296
2979661
2980027
2980392
2980757
2981122
2981488
2981853
2982218
2982583
2982949
2983314
2983679
2984044
2984410
2984775
2985140
2985505
2985871
2986236
2986601
2986966
2987332
2987697
2988062
2988427
2988793
2989158
2989523
2989888
2990254
2990619
2990984
2991349
2991714
2992079
2992444
2992809
2993175
2993540
2993905
2994270
2994636
2995001
2995366
2995731
2996097
2996462
2996827
2997192
2997558
2997923
2998288
2998653
2999019
2999384
2999749
3000114
3000480
3000845
3001210
3001575
3001941
3002306
3002671
3003036
3003402
3003767
3004132
3004497
3004863
3005228
3005593
3005958
3006324
3006689
3007054
3007419
3007785
3008150
3008515
3008880
3009246
3009611
3009976
3010341
3010707
3011072
3011437
3011802
3012168
3012533
3012898
3013263
3013629
3013994
3014359
3014724
3015090
3015455
3015820
3016185
3016551
3016916
3017281
3017646
3018012
3018377
3018742
3019107
3019473
3019838
3020203
3020568
3020934
3021299
3021664
3022029
3022395
3022760
3023125
3023490
3023856
3024221
3024586
3024951
3025317
3025682
3026047
3026412
3026778
3027143
3027508
3027873
3028238
3028603
3028968
3029333
3029699
3030064
3030429
3030794
3031160
3031525
3031890
3032255
3032621
3032986
3033351
3033716
3034082
3034447
3034812
3035177
3035543
3035908
3036273
3036638
3037004
3037369
3037734
3038099
3038465
3038830
3039195
3039560
3039926
3040291
3040656
3041021
3041387
3041752
3042117
3042482
3042848
3043213
3043578
3043943
3044309
3044674
3045039
3045404
3045770
3046135
3046500
3046865
3047231
3047596
3047961
3048326
3048692
3049057
3049422
3049787
3050153
3050518
3050883
3051248
3051614
3051979
3052344
3052709
3053075
3053440
3053805
3054170
3054536
3054901
3055266
3055631
3055997
3056362
3056727
3057092
3057458
3057823
3058188
3058553
3058919
3059284
3059649
3060014
3060380
3060745
3061110
3061475
3061841
3062206
3062571
3062936
3063302
3063667
3064032
3064397
3064763
3065128
3065493
3065858
3066224
3066589
3066954
3067319
3067685
3068050
3068415
3068780
3069146
3069511
3069876
3070241
3070607
3070972
3071337
3071702
3072068
3072433
3072798
3073163
3073529
3073894
3074259
3074624
3074990
3075355
3075720
3076085
3076451
3076816
3077181
3077546
3077912
3078277
3078642
3079007
3079373
3079738
3080103
3080468
3080834
3081199
3081564
3081929
3082295
3082660
3083025
3083390
3083756
3084121
3084486
3084851
3085217
3085582
3085947
3086312
3086678
3087043
3087408
3087773
3088139
3088504
3088869
3089234
3089600
3089965
3090330
3090695
3091061
3091426
3091791
3092156
3092522
3092887
3093252
3093617
3093983
3094348
3094713
3095078
3095444
3095809
3096174
3096539
3096905
3097270
3097635
3098000
3098366
3098731
3099096
3099461
3099827
3100192
3100557
3100922
3101287
3101652
3102017
3102382
3102748
3103113
3103478
3103843
3104209
3104574
3104939
3105304
3105670
3106035
3106400
3106765
3107131
3107496
3107861
3108226
3108592
3108957
3109322
3109687
3110053
3110418
3110783
3111148
3111514
3111879
3112244
3112609
3112975
3113340
3113705
3114070
3114436
3114801
3115166
3115531
3115897
3116262
3116627
3116992
3117358
3117723
3118088
3118453
3118819
3119184
3119549
3119914
3120280
3120645
3121010
3121375
3121741
3122106
3122471
3122836
3123202
3123567
3123932
3124297
3124663
3125028
3125393
3125758
3126124
3126489
3126854
3127219
3127585
3127950
3128315
3128680
3129046
3129411
3129776
3130141
3130507
3130872
3131237
3131602
3131968
3132333
3132698
3133063
3133429
3133794
3134159
3134524
3134890
3135255
3135620
3135985
3136351
3136716
3137081
3137446
3137811
3138176
3138541
3138906
3139272
3139637
3140002
3140367
3140733
3141098
3141463
3141828
3142194
3142559
3142924
3143289
3143655
3144020
3144385
3144750
3145116
3145481
3145846
3146211
3146577
3146942
3147307
3147672
3148038
3148403
3148768
3149133
3149499
3149864
3150229
3150594
3150960
3151325
3151690
3152055
3152421
3152786
3153151
3153516
3153882
3154247
3154612
3154977
3155343
3155708
3156073
3156438
3156804
3157169
3157534
3157899
3158265
3158630
3158995
3159360
3159726
3160091
3160456
3160821
3161187
3161552
3161917
3162282
3162648
3163013
3163378
3163743
3164109
3164474
3164839
3165204
3165570
3165935
3166300
3166665
3167031
3167396
3167761
3168126
3168492
3168857
3169222
3169587
3169953
3170318
3170683
3171048
3171414
3171779
3172144
3172509
3172875
3173240
3173605
3173970
3174335
3174700
3175065
3175430
3175796
3176161
3176526
3176891
3177257
3177622
3177987
3178352
3178718
3179083
3179448
3179813
3180179
3180544
3180909
3181274
3181640
3182005
3182370
3182735
3183101
3183466
3183831
3184196
3184562
3184927
3185292
3185657
3186023
3186388
3186753
3187118
3187484
3187849
3188214
3188579
3188945
3189310
3189675
3190040
3190406
3190771
3191136
3191501
3191867
3192232
3192597
3192962
3193328
3193693
3194058
3194423
3194789
3195154
3195519
3195884
3196250
3196615
3196980
3197345
3197711
3198076
3198441
3198806
3199172
3199537
3199902
3200267
3200633
3200998
3201363
3201728
3202094
3202459
3202824
3203189
3203555
3203920
3204285
3204650
3205016
3205381
3205746
3206111
3206477
3206842
3207207
3207572
3207938
3208303
3208668
3209033
3209399
3209764
3210129
3210494
3210860
3211225
3211590
3211955
3212321
3212686
3213051
3213416
3213782
3214147
3214512
3214877
3215243
3215608
3215973
3216338
3216704
3217069
3217434
3217799
3218165
3218530
3218895
3219260
3219626
3219991
3220356
3220721
3221087
3221452
3221817
3222182
3222548
3222913
3223278
3223643
3224009
3224374
3224739
3225104
3225470
3225835
3226200
3226565
3226931
3227296
3227661
3228026
3228392
3228757
3229122
3229487
3229853
3230218
3230583
3230948
3231314
3231679
3232044
3232409
3232775
3233140
3233505
3233870
3234236
3234601
3234966
3235331
3235697
3236062
3236427
3236792
3237158
3237523
3237888
3238253
3238619
3238984
3239349
3239714
3240080
3240445
3240810
3241175
3241541
3241906
3242271
3242636
3243002
3243367
3243732
3244097
3244463
3244828
3245193
3245558
3245924
3246289
3246654
3247019
3247384
3247749
3248114
3248479
3248845
3249210
3249575
3249940
3250306
3250671
3251036
3251401
3251767
3252132
3252497
3252862
3253228
3253593
3253958
3254323
3254689
3255054
3255419
3255784
3256150
3256515
3256880
3257245
3257611
3257976
3258341
3258706
3259072
3259437
3259802
3260167
3260533
3260898
3261263
3261628
3261994
3262359
3262724
3263089
3263455
3263820
3264185
3264550
3264916
3265281
3265646
3266011
3266377
3266742
3267107
3267472
3267838
3268203
3268568
3268933
3269299
3269664
3270029
3270394
3270760
3271125
3271490
3271855
3272221
3272586
3272951
3273316
3273682
3274047
3274412
3274777
3275143
3275508
3275873
3276238
3276604
3276969
3277334
3277699
3278065
3278430
3278795
3279160
3279526
3279891
3280256
3280621
3280987
3281352
3281717
3282082
3282448
3282813
3283178
3283543
3283908
3284273
3284638
3285003
3285369
3285734
3286099
3286464
3286830
3287195
3287560
3287925
3288291
3288656
3289021
3289386
3289752
3290117
3290482
3290847
3291213
3291578
3291943
3292308
3292674
3293039
3293404
3293769
3294135
3294500
3294865
3295230
3295596
3295961
3296326
3296691
3297057
3297422
3297787
3298152
3298518
3298883
3299248
3299613
3299979
3300344
3300709
3301074
3301440
3301805
3302170
3302535
3302901
3303266
3303631
3303996
3304362
3304727
3305092
3305457
3305823
3306188
3306553
3306918
3307284
3307649
3308014
3308379
3308745
3309110
3309475
3309840
3310206
3310571
3310936
3311301
3311667
3312032
3312397
3312762
3313128
3313493
3313858
3314223
3314589
3314954
3315319
3315684
3316050
3316415
3316780
3317145
3317511
3317876
3318241
3318606
3318972
3319337
3319702
3320067
3320432
3320797
3321162
3321527
3321893
3322258
3322623
3322988
3323354
3323719
3324084
3324449
3324815
3325180
3325545
3325910
3326276
3326641
3327006
3327371
3327737
3328102
3328467
3328832
3329198
3329563
3329928
3330293
3330659
3331024
3331389
3331754
3332120
3332485
3332850
3333215
3333581
3333946
3334311
3334676
3335042
3335407
3335772
3336137
3336503
3336868
3337233
3337598
3337964
3338329
3338694
3339059
3339425
3339790
3340155
3340520
3340886
3341251
3341616
3341981
3342347
3342712
3343077
3343442
3343808
3344173
3344538
3344903
3345269
3345634
3345999
3346364
3346730
3347095
3347460
3347825
3348191
3348556
3348921
3349286
3349652
3350017
3350382
3350747
3351113
3351478
3351843
3352208
3352574
3352939
3353304
3353669
3354035
3354400
3354765
3355130
3355496
3355861
3356226
3356591
3356957
3357322
3357687
3358052
3358418
3358783
3359148
3359513
3359879
3360244
3360609
3360974
3361340
3361705
3362070
3362435
3362801
3363166
3363531
3363896
3364262
3364627
3364992
3365357
3365723
3366088
3366453
3366818
3367184
3367549
3367914
3368279
3368645
3369010
3369375
3369740
3370106
3370471
3370836
3371201
3371567
3371932
3372297
3372662
3373028
3373393
3373758
3374123
3374489
3374854
3375219
3375584
3375950
3376315
3376680
3377045
3377411
3377776
3378141
3378506
3378872
3379237
3379602
3379967
3380333
3380698
3381063
3381428
3381794
3382159
3382524
3382889
3383255
3383620
3383985
3384350
3384716
3385081
3385446
3385811
3386177
3386542
3386907
3387272
3387638
3388003
3388368
3388733
3389099
3389464
3389829
3390194
3390560
3390925
3391290
3391655
3392021
3392386
3392751
3393116
3393481
3393846
3394211
3394576
3394942
3395307
3395672
3396037
3396403
3396768
3397133
3397498
3397864
3398229
3398594
3398959
3399325
3399690
3400055
3400420
3400786
3401151
3401516
3401881
3402247
3402612
3402977
3403342
3403708
3404073
3404438
3404803
3405169
3405534
3405899
3406264
3406630
3406995
3407360
3407725
3408091
3408456
3408821
3409186
3409552
3409917
3410282
3410647
3411013
3411378
3411743
3412108
3412474
3412839
3413204
3413569
3413935
3414300
3414665
3415030
3415396
3415761
3416126
3416491
3416857
3417222
3417587
3417952
3418318
3418683
3419048
3419413
3419779
3420144
3420509
3420874
3421240
3421605
3421970
3422335
3422701
3423066
3423431
3423796
3424162
3424527
3424892
3425257
3425623
3425988
3426353
3426718
3427084
3427449
3427814
3428179
3428545
3428910
3429275
3429640
3430005
3430370
3430735
3431100
3431466
3431831
3432196
3432561
3432927
3433292
3433657
3434022
3434388
3434753
3435118
3435483
3435849
3436214
3436579
3436944
3437310
3437675
3438040
3438405
3438771
3439136
3439501
3439866
3440232
3440597
3440962
3441327
3441693
3442058
3442423
3442788
3443154
3443519
3443884
3444249
3444615
3444980
3445345
3445710
3446076
3446441
3446806
3447171
3447537
3447902
3448267
3448632
3448998
3449363
3449728
3450093
3450459
3450824
3451189
3451554
3451920
3452285
3452650
3453015
3453381
3453746
3454111
3454476
3454842
3455207
3455572
3455937
3456303
3456668
3457033
3457398
3457764
3458129
3458494
3458859
3459225
3459590
3459955
3460320
3460686
3461051
3461416
3461781
3462147
3462512
3462877
3463242
3463608
3463973
3464338
3464703
3465069
3465434
3465799
3466164
3466529
3466894
3467259
3467624
3467990
3468355
3468720
3469085
3469451
3469816
3470181
3470546
3470912
3471277
3471642
3472007
3472373
3472738
3473103
3473468
3473834
3474199
3474564
3474929
3475295
3475660
3476025
3476390
3476756
3477121
3477486
3477851
3478217
3478582
3478947
3479312
3479678
3480043
3480408
3480773
3481139
3481504
3481869
3482234
3482600
3482965
3483330
3483695
3484061
3484426
3484791
3485156
3485522
3485887
3486252
3486617
3486983
3487348
3487713
3488078
3488444
3488809
3489174
3489539
3489905
3490270
3490635
3491000
3491366
3491731
3492096
3492461
3492827
3493192
3493557
3493922
3494288
3494653
3495018
3495383
3495749
3496114
3496479
3496844
3497210
3497575
3497940
3498305
3498671
3499036
3499401
3499766
3500132
3500497
3500862
3501227
3501593
3501958
3502323
3502688
3503054
3503419
3503784
3504149
3504515
3504880
3505245
3505610
3505976
3506341
3506706
3507071
3507437
3507802
3508167
3508532
3508898
3509263
3509628
3509993
3510359
3510724
3511089
3511454
3511820
3512185
3512550
3512915
3513281
3513646
3514011
3514376
3514742
3515107
3515472
3515837
3516203
3516568
3516933
3517298
3517664
3518029
3518394
3518759
3519125
3519490
3519855
3520220
3520586
3520951
3521316
3521681
3522047
3522412
3522777
3523142
3523508
3523873
3524238
3524603
3524969
3525334
3525699
3526064
3526430
3526795
3527160
3527525
3527891
3528256
3528621
3528986
3529352
3529717
3530082
3530447
3530813
3531178
3531543
3531908
3532274
3532639
3533004
3533369
3533735
3534100
3534465
3534830
3535196
3535561
3535926
3536291
3536657
3537022
3537387
3537752
3538118
3538483
3538848
3539213
3539578
3539943
3540308
3540673
3541039
3541404
3541769
3542134
3542500
3542865
3543230
3543595
3543961
3544326
3544691
3545056
3545422
3545787
3546152
3546517
3546883
3547248
3547613
3547978
3548344
3548709
3549074
3549439
3549805
3550170
3550535
3550900
3551266
3551631
3551996
3552361
3552727
3553092
3553457
3553822
3554188
3554553
3554918
3555283
3555649
3556014
3556379
3556744
3557110
3557475
3557840
3558205
3558571
3558936
3559301
3559666
3560032
3560397
3560762
3561127
3561493
3561858
3562223
3562588
3562954
3563319
3563684
3564049
3564415
3564780
3565145
3565510
3565876
3566241
3566606
3566971
3567337
3567702
3568067
3568432
3568798
3569163
3569528
3569893
3570259
3570624
3570989
3571354
3571720
3572085
3572450
3572815
3573181
3573546
3573911
3574276
3574642
3575007
3575372
3575737
3576102
3576467
3576832
3577197
3577563
3577928
3578293
3578658
3579024
3579389
3579754
3580119
3580485
3580850
3581215
3581580
3581946
3582311
3582676
3583041
3583407
3583772
3584137
3584502
3584868
3585233
3585598
3585963
3586329
3586694
3587059
3587424
3587790
3588155
3588520
3588885
3589251
3589616
3589981
3590346
3590712
3591077
3591442
3591807
3592173
3592538
3592903
3593268
3593634
3593999
3594364
3594729
3595095
3595460
3595825
3596190
3596556
3596921
3597286
3597651
3598017
3598382
3598747
3599112
3599478
3599843
3600208
3600573
3600939
3601304
3601669
3602034
3602400
3602765
3603130
3603495
3603861
3604226
3604591
3604956
3605322
3605687
3606052
3606417
3606783
3607148
3607513
3607878
3608244
3608609
3608974
3609339
3609705
3610070
3610435
3610800
3611166
3611531
3611896
3612261
3612626
3612991
3613356
3613721
3614087
3614452
3614817
3615182
3615548
3615913
3616278
3616643
3617009
3617374
3617739
3618104
3618470
3618835
3619200
3619565
3619931
3620296
3620661
3621026
3621392
3621757
3622122
3622487
3622853
3623218
3623583
3623948
3624314
3624679
3625044
3625409
3625775
3626140
3626505
3626870
3627236
3627601
3627966
3628331
3628697
3629062
3629427
3629792
3630158
3630523
3630888
3631253
3631619
3631984
3632349
3632714
3633080
3633445
3633810
3634175
3634541
3634906
3635271
3635636
3636002
3636367
3636732
3637097
3637463
3637828
3638193
3638558
3638924
3639289
3639654
3640019
3640385
3640750
3641115
3641480
3641846
3642211
3642576
3642941
3643307
3643672
3644037
3644402
3644768
3645133
3645498
3645863
3646229
3646594
3646959
3647324
3647690
3648055
3648420
3648785
3649151
3649516
3649881
3650246
3650612
3650977
3651342
3651707
3652073
3652438
3652803
3653168
3653534
3653899
3654264
3654629
3654995
3655360
3655725
3656090
3656456
3656821
3657186
3657551
3657917
3658282
3658647
3659012
3659378
3659743
3660108
3660473
3660839
3661204
3661569
3661934
3662300
3662665
3663030
3663395
3663761
3664126
3664491
3664856
3665222
3665587
3665952
3666317
3666683
3667048
3667413
3667778
3668144
3668509
3668874
3669239
3669605
3669970
3670335
3670700
3671066
3671431
3671796
3672161
3672527
3672892
3673257
3673622
3673988
3674353
3674718
3675083
3675449
3675814
3676179
3676544
3676910
3677275
3677640
3678005
3678371
3678736
3679101
3679466
3679832
3680197
3680562
3680927
3681293
3681658
3682023
3682388
3682754
3683119
3683484
3683849
3684215
3684580
3684945
3685310
3685675
3686040
3686405
3686770
3687136
3687501
3687866
3688231
3688597
3688962
3689327
3689692
3690058
3690423
3690788
3691153
3691519
3691884
3692249
3692614
3692980
3693345
3693710
3694075
3694441
3694806
3695171
3695536
3695902
3696267
3696632
3696997
3697363
3697728
3698093
3698458
3698824
3699189
3699554
3699919
3700285
3700650
3701015
3701380
3701746
3702111
3702476
3702841
3703207
3703572
3703937
3704302
3704668
3705033
3705398
3705763
3706129
3706494
3706859
3707224
3707590
3707955
3708320
3708685
3709051
3709416
3709781
3710146
3710512
3710877
3711242
3711607
3711973
3712338
3712703
3713068
3713434
3713799
3714164
3714529
3714895
3715260
3715625
3715990
3716356
3716721
3717086
3717451
3717817
3718182
3718547
3718912
3719278
3719643
3720008
3720373
3720739
3721104
3721469
3721834
3722199
3722564
3722929
3723294
3723660
3724025
3724390
3724755
3725121
3725486
3725851
3726216
3726582
3726947
3727312
3727677
3728043
3728408
3728773
3729138
3729504
3729869
3730234
3730599
3730965
3731330
3731695
3732060
3732426
3732791
3733156
3733521
3733887
3734252
3734617
3734982
3735348
3735713
3736078
3736443
3736809
3737174
3737539
3737904
3738270
3738635
3739000
3739365
3739731
3740096
3740461
3740826
3741192
3741557
3741922
3742287
3742653
3743018
3743383
3743748
3744114
3744479
3744844
3745209
3745575
3745940
3746305
3746670
3747036
3747401
3747766
3748131
3748497
3748862
3749227
3749592
3749958
3750323
3750688
3751053
3751419
3751784
3752149
3752514
3752880
3753245
3753610
3753975
3754341
3754706
3755071
3755436
3755802
3756167
3756532
3756897
3757263
3757628
3757993
3758358
3758723
3759088
3759453
3759818
3760184
3760549
3760914
3761279
3761645
3762010
3762375
3762740
3763106
3763471
3763836
3764201
3764567
3764932
3765297
3765662
3766028
3766393
3766758
3767123
3767489
3767854
3768219
3768584
3768950
3769315
3769680
3770045
3770411
3770776
3771141
3771506
3771872
3772237
3772602
3772967
3773333
3773698
3774063
3774428
3774794
3775159
3775524
3775889
3776255
3776620
3776985
3777350
3777716
3778081
3778446
3778811
3779177
3779542
3779907
3780272
3780638
3781003
3781368
3781733
3782099
3782464
3782829
3783194
3783560
3783925
3784290
3784655
3785021
3785386
3785751
3786116
3786482
3786847
3787212
3787577
3787943
3788308
3788673
3789038
3789404
3789769
3790134
3790499
3790865
3791230
3791595
3791960
3792326
3792691
3793056
3793421
3793787
3794152
3794517
3794882
3795248
3795613
3795978
3796343
3796709
3797074
3797439
3797804
3798170
3798535
3798900
3799265
3799631
3799996
3800361
3800726
3801092
3801457
3801822
3802187
3802553
3802918
3803283
3803648
3804014
3804379
3804744
3805109
3805475
3805840
3806205
3806570
3806936
3807301
3807666
3808031
3808397
3808762
3809127
3809492
3809858
3810223
3810588
3810953
3811319
3811684
3812049
3812414
3812780
3813145
3813510
3813875
3814241
3814606
3814971
3815336
3815702
3816067
3816432
3816797
3817163
3817528
3817893
3818258
3818624
3818989
3819354
3819719
3820085
3820450
3820815
3821180
3821546
3821911
3822276
3822641
3823007
3823372
3823737
3824102
3824468
3824833
3825198
3825563
3825929
3826294
3826659
3827024
3827390
3827755
3828120
3828485
3828851
3829216
3829581
3829946
3830312
3830677
3831042
3831407
3831772
3832137
3832502
3832867
3833233
3833598
3833963
3834328
3834694
3835059
3835424
3835789
3836155
3836520
3836885
3837250
3837616
3837981
3838346
3838711
3839077
3839442
3839807
3840172
3840538
3840903
3841268
3841633
3841999
3842364
3842729
3843094
3843460
3843825
3844190
3844555
3844921
3845286
3845651
3846016
3846382
3846747
3847112
3847477
3847843
3848208
3848573
3848938
3849304
3849669
3850034
3850399
3850765
3851130
3851495
3851860
3852226
3852591
3852956
3853321
3853687
3854052
3854417
3854782
3855148
3855513
3855878
3856243
3856609
3856974
3857339
3857704
3858070
3858435
3858800
3859165
3859531
3859896
3860261
3860626
3860992
3861357
3861722
3862087
3862453
3862818
3863183
3863548
3863914
3864279
3864644
3865009
3865375
3865740
3866105
3866470
3866836
3867201
3867566
3867931
3868296
3868661
3869026
3869391
3869757
3870122
3870487
3870852
3871218
3871583
3871948
3872313
3872679
3873044
3873409
3873774
3874140
3874505
3874870
3875235
3875601
3875966
3876331
3876696
3877062
3877427
3877792
3878157
3878523
3878888
3879253
3879618
3879984
3880349
3880714
3881079
3881445
3881810
3882175
3882540
3882906
3883271
3883636
3884001
3884367
3884732
3885097
3885462
3885828
3886193
3886558
3886923
3887289
3887654
3888019
3888384
3888750
3889115
3889480
3889845
3890211
3890576
3890941
3891306
3891672
3892037
3892402
3892767
3893133
3893498
3893863
3894228
3894594
3894959
3895324
3895689
3896055
3896420
3896785
3897150
3897516
3897881
3898246
3898611
3898977
3899342
3899707
3900072
3900438
3900803
3901168
3901533
3901899
3902264
3902629
3902994
3903360
3903725
3904090
3904455
3904820
3905185
3905550
3905915
3906281
3906646
3907011
3907376
3907742
3908107
3908472
3908837
3909203
3909568
3909933
3910298
3910664
3911029
3911394
3911759
3912125
3912490
3912855
3913220
3913586
3913951
3914316
3914681
3915047
3915412
3915777
3916142
3916508
3916873
3917238
3917603
3917969
3918334
3918699
3919064
3919430
3919795
3920160
3920525
3920891
3921256
3921621
3921986
3922352
3922717
3923082
3923447
3923813
3924178
3924543
3924908
3925274
3925639
3926004
3926369
3926735
3927100
3927465
3927830
3928196
3928561
3928926
3929291
3929657
3930022
3930387
3930752
3931118
3931483
3931848
3932213
3932579
3932944
3933309
3933674
3934040
3934405
3934770
3935135
3935501
3935866
3936231
3936596
3936962
3937327
3937692
3938057
3938423
3938788
3939153
3939518
3939884
3940249
3940614
3940979
3941345
3941710
3942075
3942440
3942806
3943171
3943536
3943901
3944267
3944632
3944997
3945362
3945728
3946093
3946458
3946823
3947189
3947554
3947919
3948284
3948650
3949015
3949380
3949745
3950111
3950476
3950841
3951206
3951572
3951937
3952302
3952667
3953033
3953398
3953763
3954128
3954494
3954859
3955224
3955589
3955955
3956320
3956685
3957050
3957416
3957781
3958146
3958511
3958877
3959242
3959607
3959972
3960338
3960703
3961068
3961433
3961799
3962164
3962529
3962894
3963260
3963625
3963990
3964355
3964721
3965086
3965451
3965816
3966182
3966547
3966912
3967277
3967643
3968008
3968373
3968738
3969104
3969469
3969834
3970199
3970565
3970930
3971295
3971660
3972026
3972391
3972756
3973121
3973487
3973852
3974217
3974582
3974948
3975313
3975678
3976043
3976409
3976774
3977139
3977504
3977869
3978234
3978599
3978964
3979330
3979695
3980060
3980425
3980791
3981156
3981521
3981886
3982252
3982617
3982982
3983347
3983713
3984078
3984443
3984808
3985174
3985539
3985904
3986269
3986635
3987000
3987365
3987730
3988096
3988461
3988826
3989191
3989557
3989922
3990287
3990652
3991018
3991383
3991748
3992113
3992479
3992844
3993209
3993574
3993940
3994305
3994670
3995035
3995401
3995766
3996131
3996496
3996862
3997227
3997592
3997957
3998323
3998688
3999053
3999418
3999784
4000149
4000514
4000879
4001245
4001610
4001975
4002340
4002706
4003071
4003436
4003801
4004167
4004532
4004897
4005262
4005628
4005993
4006358
4006723
4007089
4007454
4007819
4008184
4008550
4008915
4009280
4009645
4010011
4010376
4010741
4011106
4011472
4011837
4012202
4012567
4012933
4013298
4013663
4014028
4014393
4014758
4015123
4015488
4015854
4016219
4016584
4016949
4017315
4017680
4018045
4018410
4018776
4019141
4019506
4019871
4020237
4020602
4020967
4021332
4021698
4022063
4022428
4022793
4023159
4023524
4023889
4024254
4024620
4024985
4025350
4025715
4026081
4026446
4026811
4027176
4027542
4027907
4028272
4028637
4029003
4029368
4029733
4030098
4030464
4030829
4031194
4031559
4031925
4032290
4032655
4033020
4033386
4033751
4034116
4034481
4034847
4035212
4035577
4035942
4036308
4036673
4037038
4037403
4037769
4038134
4038499
4038864
4039230
4039595
4039960
4040325
4040691
4041056
4041421
4041786
4042152
4042517
4042882
4043247
4043613
4043978
4044343
4044708
4045074
4045439
4045804
4046169
4046535
4046900
4047265
4047630
4047996
4048361
4048726
4049091
4049457
4049822
4050187
4050552
4050917
4051282
4051647
4052012
4052378
4052743
4053108
4053473
4053839
4054204
4054569
4054934
4055300
4055665
4056030
4056395
4056761
4057126
4057491
4057856
4058222
4058587
4058952
4059317
4059683
4060048
4060413
4060778
4061144
4061509
4061874
4062239
4062605
4062970
4063335
4063700
4064066
4064431
4064796
4065161
4065527
4065892
4066257
4066622
4066988
4067353
4067718
4068083
4068449
4068814
4069179
4069544
4069910
4070275
4070640
4071005
4071371
4071736
4072101
4072466
4072832
4073197
4073562
4073927
4074293
4074658
4075023
4075388
4075754
4076119
4076484
4076849
4077215
4077580
4077945
4078310
4078676
4079041
4079406
4079771
4080137
4080502
4080867
4081232
4081598
4081963
4082328
4082693
4083059
4083424
4083789
4084154
4084520
4084885
4085250
4085615
4085981
4086346
4086711
4087076
4087442
4087807
4088172
4088537
4088903
4089268
4089633
4089998
4090364
4090729
4091094
4091459
4091825
4092190
4092555
4092920
4093286
4093651
4094016
4094381
4094747
4095112
4095477
4095842
4096208
4096573
4096938
4097303
4097669
4098034
4098399
4098764
4099130
4099495
4099860
4100225
4100591
4100956
4101321
4101686
4102052
4102417
4102782
4103147
4103513
4103878
4104243
4104608
4104974
4105339
4105704
4106069
4106435
4106800
4107165
4107530
4107896
4108261
4108626
4108991
4109357
4109722
4110087
4110452
4110818
4111183
4111548
4111913
4112279
4112644
4113009
4113374
4113740
4114105
4114470
4114835
4115201
4115566
4115931
4116296
4116662
4117027
4117392
4117757
4118123
4118488
4118853
4119218
4119584
4119949
4120314
4120679
4121045
4121410
4121775
4122140
4122506
4122871
4123236
4123601
4123966
4124331
4124696
4125061
4125427
4125792
4126157
4126522
4126888
4127253
4127618
4127983
4128349
4128714
4129079
4129444
4129810
4130175
4130540
4130905
4131271
4131636
4132001
4132366
4132732
4133097
4133462
4133827
4134193
4134558
4134923
4135288
4135654
4136019
4136384
4136749
4137115
4137480
4137845
4138210
4138576
4138941
4139306
4139671
4140037
4140402
4140767
4141132
4141498
4141863
4142228
4142593
4142959
4143324
4143689
4144054
4144420
4144785
4145150
4145515
4145881
4146246
4146611
4146976
4147342
4147707
4148072
4148437
4148803
4149168
4149533
4149898
4150264
4150629
4150994
4151359
4151725
4152090
4152455
4152820
4153186
4153551
4153916
4154281
4154647
4155012
4155377
4155742
4156108
4156473
4156838
4157203
4157569
4157934
4158299
4158664
4159030
4159395
4159760
4160125
4160490
4160855
4161220
4161585
4161951
4162316
4162681
4163046
4163412
4163777
4164142
4164507
4164873
4165238
4165603
4165968
4166334
4166699
4167064
4167429
4167795
4168160
4168525
4168890
4169256
4169621
4169986
4170351
4170717
4171082
4171447
4171812
4172178
4172543
4172908
4173273
4173639
4174004
4174369
4174734
4175100
4175465
4175830
4176195
4176561
4176926
4177291
4177656
4178022
4178387
4178752
4179117
4179483
4179848
4180213
4180578
4180944
4181309
4181674
4182039
4182405
4182770
4183135
4183500
4183866
4184231
4184596
4184961
4185327
4185692
4186057
4186422
4186788
4187153
4187518
4187883
4188249
4188614
4188979
4189344
4189710
4190075
4190440
4190805
4191171
4191536
4191901
4192266
4192632
4192997
4193362
4193727
4194093
4194458
4194823
4195188
4195554
4195919
4196284
4196649
4197014
4197379
4197744
4198109
4198475
4198840
4199205
4199570
4199936
4200301
4200666
4201031
4201397
4201762
4202127
4202492
4202858
4203223
4203588
4203953
4204319
4204684
4205049
4205414
4205780
4206145
4206510
4206875
4207241
4207606
4207971
4208336
4208702
4209067
4209432
4209797
4210163
4210528
4210893
4211258
4211624
4211989
4212354
4212719
4213085
4213450
4213815
4214180
4214546
4214911
4215276
4215641
4216007
4216372
4216737
4217102
4217468
4217833
4218198
4218563
4218929
4219294
4219659
4220024
4220390
4220755
4221120
4221485
4221851
4222216
4222581
4222946
4223312
4223677
4224042
4224407
4224773
4225138
4225503
4225868
4226234
4226599
4226964
4227329
4227695
4228060
4228425
4228790
4229156
4229521
4229886
4230251
4230617
4230982
4231347
4231712
4232078
4232443
4232808
4233173
4233539
4233904
4234269
4234634
4235000
4235365
4235730
4236095
4236461
4236826
4237191
4237556
4237922
4238287
4238652
4239017
4239383
4239748
4240113
4240478
4240844
4241209
4241574
4241939
4242305
4242670
4243035
4243400
4243766
4244131
4244496
4244861
4245227
4245592
4245957
4246322
4246688
4247053
4247418
4247783
4248149
4248514
4248879
4249244
4249610
4249975
4250340
4250705
4251071
4251436
4251801
4252166
4252532
4252897
4253262
4253627
4253993
4254358
4254723
4255088
4255454
4255819
4256184
4256549
4256915
4257280
4257645
4258010
4258376
4258741
4259106
4259471
4259837
4260202
4260567
4260932
4261298
4261663
4262028
4262393
4262759
4263124
4263489
4263854
4264220
4264585
4264950
4265315
4265681
4266046
4266411
4266776
4267142
4267507
4267872
4268237
4268603
4268968
4269333
4269698
4270063
4270428
4270793
4271158
4271524
4271889
4272254
4272619
4272985
4273350
4273715
4274080
4274446
4274811
4275176
4275541
4275907
4276272
4276637
4277002
4277368
4277733
4278098
4278463
4278829
4279194
4279559
4279924
4280290
4280655
4281020
4281385
4281751
4282116
4282481
4282846
4283212
4283577
4283942
4284307
4284673
4285038
4285403
4285768
4286134
4286499
4286864
4287229
4287595
4287960
4288325
4288690
4289056
4289421
4289786
4290151
4290517
4290882
4291247
4291612
4291978
4292343
4292708
4293073
4293439
4293804
4294169
4294534
4294900
4295265
4295630
4295995
4296361
4296726
4297091
4297456
4297822
4298187
4298552
4298917
4299283
4299648
4300013
4300378
4300744
4301109
4301474
4301839
4302205
4302570
4302935
4303300
4303666
4304031
4304396
4304761
4305127
4305492
4305857
4306222
4306587
4306952
4307317
4307682
4308048
4308413
4308778
4309143
4309509
4309874
4310239
4310604
4310970
4311335
4311700
4312065
4312431
4312796
4313161
4313526
4313892
4314257
4314622
4314987
4315353
4315718
4316083
4316448
4316814
4317179
4317544
4317909
4318275
4318640
4319005
4319370
4319736
4320101
4320466
4320831
4321197
4321562
4321927
4322292
4322658
4323023
4323388
4323753
4324119
4324484
4324849
4325214
4325580
4325945
4326310
4326675
4327041
4327406
4327771
4328136
4328502
4328867
4329232
4329597
4329963
4330328
4330693
4331058
4331424
4331789
4332154
4332519
4332885
4333250
4333615
4333980
4334346
4334711
4335076
4335441
4335807
4336172
4336537
4336902
4337268
4337633
4337998
4338363
4338729
4339094
4339459
4339824
4340190
4340555
4340920
4341285
4341651
4342016
4342381
4342746
4343111
4343476
4343841
4344206
4344572
4344937
4345302
4345667
4346033
4346398
4346763
4347128
4347494
4347859
4348224
4348589
4348955
4349320
4349685
4350050
4350416
4350781
4351146
4351511
4351877
4352242
4352607
4352972
4353338
4353703
4354068
4354433
4354799
4355164
4355529
4355894
4356260
4356625
4356990
4357355
4357721
4358086
4358451
4358816
4359182
4359547
4359912
4360277
4360643
4361008
4361373
4361738
4362104
4362469
4362834
4363199
4363565
4363930
4364295
4364660
4365026
4365391
4365756
4366121
4366487
4366852
4367217
4367582
4367948
4368313
4368678
4369043
4369409
4369774
4370139
4370504
4370870
4371235
4371600
4371965
4372331
4372696
4373061
4373426
4373792
4374157
4374522
4374887
4375253
4375618
4375983
4376348
4376714
4377079
4377444
4377809
4378175
4378540
4378905
4379270
4379636
4380001
4380366
4380731
4381097
4381462
4381827
4382192
4382558
4382923
4383288
4383653
4384019
4384384
4384749
4385114
4385480
4385845
4386210
4386575
4386941
4387306
4387671
4388036
4388402
4388767
4389132
4389497
4389863
4390228
4390593
4390958
4391324
4391689
4392054
4392419
4392785
4393150
4393515
4393880
4394246
4394611
4394976
4395341
4395707
4396072
4396437
4396802
4397168
4397533
4397898
4398263
4398629
4398994
4399359
4399724
4400090
4400455
4400820
4401185
4401551
4401916
4402281
4402646
4403012
4403377
4403742
4404107
4404473
4404838
4405203
4405568
4405934
4406299
4406664
4407029
4407395
4407760
4408125
4408490
4408856
4409221
4409586
4409951
4410317
4410682
4411047
4411412
4411778
4412143
4412508
4412873
4413239
4413604
4413969
4414334
4414700
4415065
4415430
4415795
4416160
4416525
4416890
4417255
4417621
4417986
4418351
4418716
4419082
4419447
4419812
4420177
4420543
4420908
4421273
4421638
4422004
4422369
4422734
4423099
4423465
4423830
4424195
4424560
4424926
4425291
4425656
4426021
4426387
4426752
4427117
4427482
4427848
4428213
4428578
4428943
4429309
4429674
4430039
4430404
4430770
4431135
4431500
4431865
4432231
4432596
4432961
4433326
4433692
4434057
4434422
4434787
4435153
4435518
4435883
4436248
4436614
4436979
4437344
4437709
4438075
4438440
4438805
4439170
4439536
4439901
4440266
4440631
4440997
4441362
4441727
4442092
4442458
4442823
4443188
4443553
4443919
4444284
4444649
4445014
4445380
4445745
4446110
4446475
4446841
4447206
4447571
4447936
4448302
4448667
4449032
4449397
4449763
4450128
4450493
4450858
4451224
4451589
4451954
4452319
4452684
4453049
4453414
4453779
4454145
4454510
4454875
4455240
4455606
4455971
4456336
4456701
4457067
4457432
4457797
4458162
4458528
4458893
4459258
4459623
4459989
4460354
4460719
4461084
4461450
4461815
4462180
4462545
4462911
4463276
4463641
4464006
4464372
4464737
4465102
4465467
4465833
4466198
4466563
4466928
4467294
4467659
4468024
4468389
4468755
4469120
4469485
4469850
4470216
4470581
4470946
4471311
4471677
4472042
4472407
4472772
4473138
4473503
4473868
4474233
4474599
4474964
4475329
4475694
4476060
4476425
4476790
4477155
4477521
4477886
4478251
4478616
4478982
4479347
4479712
4480077
4480443
4480808
4481173
4481538
4481904
4482269
4482634
4482999
4483365
4483730
4484095
4484460
4484826
4485191
4485556
4485921
4486287
4486652
4487017
4487382
4487748
4488113
4488478
4488843
4489208
4489573
4489938
4490303
4490669
4491034
4491399
4491764
4492130
4492495
4492860
4493225
4493591
4493956
4494321
4494686
4495052
4495417
4495782
4496147
4496513
4496878
4497243
4497608
4497974
4498339
4498704
4499069
4499435
4499800
4500165
4500530
4500896
4501261
4501626
4501991
4502357
4502722
4503087
4503452
4503818
4504183
4504548
4504913
4505279
4505644
4506009
4506374
4506740
4507105
4507470
4507835
4508201
4508566
4508931
4509296
4509662
4510027
4510392
4510757
4511123
4511488
4511853
4512218
4512584
4512949
4513314
4513679
4514045
4514410
4514775
4515140
4515506
4515871
4516236
4516601
4516967
4517332
4517697
4518062
4518428
4518793
4519158
4519523
4519889
4520254
4520619
4520984
4521350
4521715
4522080
4522445
4522811
4523176
4523541
4523906
4524272
4524637
4525002
4525367
4525733
4526098
4526463
4526828
4527194
4527559
4527924
4528289
4528655
4529020
4529385
4529750
4530116
4530481
4530846
4531211
4531577
4531942
4532307
4532672
4533038
4533403
4533768
4534133
4534499
4534864
4535229
4535594
4535960
4536325
4536690
4537055
4537421
4537786
4538151
4538516
4538882
4539247
4539612
4539977
4540343
4540708
4541073
4541438
4541804
4542169
4542534
4542899
4543265
4543630
4543995
4544360
4544726
4545091
4545456
4545821
4546187
4546552
4546917
4547282
4547648
4548013
4548378
4548743
4549109
4549474
4549839
4550204
4550570
4550935
4551300
4551665
4552031
4552396
4552761
4553126
4553492
4553857
4554222
4554587
4554953
4555318
4555683
4556048
4556414
4556779
4557144
4557509
4557875
4558240
4558605
4558970
4559336
4559701
4560066
4560431
4560797
4561162
4561527
4561892
4562257
4562622
4562987
4563352
4563718
4564083
4564448
4564813
4565179
4565544
4565909
4566274
4566640
4567005
4567370
4567735
4568101
4568466
4568831
4569196
4569562
4569927
4570292
4570657
4571023
4571388
4571753
4572118
4572484
4572849
4573214
4573579
4573945
4574310
4574675
4575040
4575406
4575771
4576136
4576501
4576867
4577232
4577597
4577962
4578328
4578693
4579058
4579423
4579789
4580154
4580519
4580884
4581250
4581615
4581980
4582345
4582711
4583076
4583441
4583806
4584172
4584537
4584902
4585267
4585633
4585998
4586363
4586728
4587094
4587459
4587824
4588189
4588555
4588920
4589285
4589650
4590016
4590381
4590746
4591111
4591477
4591842
4592207
4592572
4592938
4593303
4593668
4594033
4594399
4594764
4595129
4595494
4595860
4596225
4596590
4596955
4597321
4597686
4598051
4598416
4598781
4599146
4599511
4599876
4600242
4600607
4600972
4601337
4601703
4602068
4602433
4602798
4603164
4603529
4603894
4604259
4604625
4604990
4605355
4605720
4606086
4606451
4606816
4607181
4607547
4607912
4608277
4608642
4609008
4609373
4609738
4610103
4610469
4610834
4611199
4611564
4611930
4612295
4612660
4613025
4613391
4613756
4614121
4614486
4614852
4615217
4615582
4615947
4616313
4616678
4617043
4617408
4617774
4618139
4618504
4618869
4619235
4619600
4619965
4620330
4620696
4621061
4621426
4621791
4622157
4622522
4622887
4623252
4623618
4623983
4624348
4624713
4625079
4625444
4625809
4626174
4626540
4626905
4627270
4627635
4628001
4628366
4628731
4629096
4629462
4629827
4630192
4630557
4630923
4631288
4631653
4632018
4632384
4632749
4633114
4633479
4633845
4634210
4634575
4634940
4635305
4635670
4636035
4636400
4636766
4637131
4637496
4637861
4638227
4638592
4638957
4639322
4639688
4640053
4640418
4640783
4641149
4641514
4641879
4642244
4642610
4642975
4643340
4643705
4644071
4644436
4644801
4645166
4645532
4645897
4646262
4646627
4646993
4647358
4647723
4648088
4648454
4648819
4649184
4649549
4649915
4650280
4650645
4651010
4651376
4651741
4652106
4652471
4652837
4653202
4653567
4653932
4654298
4654663
4655028
4655393
4655759
4656124
4656489
4656854
4657220
4657585
4657950
4658315
4658681
4659046
4659411
4659776
4660142
4660507
4660872
4661237
4661603
4661968
4662333
4662698
4663064
4663429
4663794
4664159
4664525
4664890
4665255
4665620
4665986
4666351
4666716
4667081
4667447
4667812
4668177
4668542
4668908
4669273
4669638
4670003
4670369
4670734
4671099
4671464
4671830
4672195
4672560
4672925
4673291
4673656
4674021
4674386
4674752
4675117
4675482
4675847
4676213
4676578
4676943
4677308
4677674
4678039
4678404
4678769
4679135
4679500
4679865
4680230
4680596
4680961
4681326
4681691
4682057
4682422
4682787
4683152
4683518
4683883
4684248
4684613
4684979
4685344
4685709
4686074
4686440
4686805
4687170
4687535
4687901
4688266
4688631
4688996
4689362
4689727
4690092
4690457
4690823
4691188
4691553
4691918
4692284
4692649
4693014
4693379
4693745
4694110
4694475
4694840
4695206
4695571
4695936
4696301
4696667
4697032
4697397
4697762
4698128
4698493
4698858
4699223
4699589
4699954
4700319
4700684
4701050
4701415
4701780
4702145
4702511
4702876
4703241
4703606
4703972
4704337
4704702
4705067
4705433
4705798
4706163
4706528
4706894
4707259
4707624
4707989
4708354
4708719
4709084
4709449
4709815
4710180
4710545
4710910
4711276
4711641
4712006
4712371
4712737
4713102
4713467
4713832
4714198
4714563
4714928
4715293
4715659
4716024
4716389
4716754
4717120
4717485
4717850
4718215
4718581
4718946
4719311
4719676
4720042
4720407
4720772
4721137
4721503
4721868
4722233
4722598
4722964
4723329
4723694
4724059
4724425
4724790
4725155
4725520
4725886
4726251
4726616
4726981
4727347
4727712
4728077
4728442
4728808
4729173
4729538
4729903
4730269
4730634
4730999
4731364
4731730
4732095
4732460
4732825
4733191
4733556
4733921
4734286
4734652
4735017
4735382
4735747
4736113
4736478
4736843
4737208
4737574
4737939
4738304
4738669
4739035
4739400
4739765
4740130
4740496
4740861
4741226
4741591
4741957
4742322
4742687
4743052
4743418
4743783
4744148
4744513
4744878
4745243
4745608
4745973
4746339
4746704
4747069
4747434
4747800
4748165
4748530
4748895
4749261
4749626
4749991
4750356
4750722
4751087
4751452
4751817
4752183
4752548
4752913
4753278
4753644
4754009
4754374
4754739
4755105
4755470
4755835
4756200
4756566
4756931
4757296
4757661
4758027
4758392
4758757
4759122
4759488
4759853
4760218
4760583
4760949
4761314
4761679
4762044
4762410
4762775
4763140
4763505
4763871
4764236
4764601
4764966
4765332
4765697
4766062
4766427
4766793
4767158
4767523
4767888
4768254
4768619
4768984
4769349
4769715
4770080
4770445
4770810
4771176
4771541
4771906
4772271
4772637
4773002
4773367
4773732
4774098
4774463
4774828
4775193
4775559
4775924
4776289
4776654
4777020
4777385
4777750
4778115
4778481
4778846
4779211
4779576
4779942
4780307
4780672
4781037
4781402
4781767
4782132
4782497
4782863
4783228
4783593
4783958
4784324
4784689
4785054
4785419
4785785
4786150
4786515
4786880
4787246
4787611
4787976
4788341
4788707
4789072
4789437
4789802
4790168
4790533
4790898
4791263
4791629
4791994
4792359
4792724
4793090
4793455
4793820
4794185
4794551
4794916
4795281
4795646
4796012
4796377
4796742
4797107
4797473
4797838
4798203
4798568
4798934
4799299
4799664
4800029
4800395
4800760
4801125
4801490
4801856
4802221
4802586
4802951
4803317
4803682
4804047
4804412
4804778
4805143
4805508
4805873
4806239
4806604
4806969
4807334
4807700
4808065
4808430
4808795
4809161
4809526
4809891
4810256
4810622
4810987
4811352
4811717
4812083
4812448
4812813
4813178
4813544
4813909
4814274
4814639
4815005
4815370
4815735
4816100
4816466
4816831
4817196
4817561
4817927
4818292
4818657
4819022
4819388
4819753
4820118
4820483
4820849
4821214
4821579
4821944
4822310
4822675
4823040
4823405
4823771
4824136
4824501
4824866
4825232
4825597
4825962
4826327
4826693
4827058
4827423
4827788
4828154
4828519
4828884
4829249
4829615
4829980
4830345
4830710
4831076
4831441
4831806
4832171
4832537
4832902
4833267
4833632
4833998
4834363
4834728
4835093
4835459
4835824
4836189
4836554
4836920
4837285
4837650
4838015
4838381
4838746
4839111
4839476
4839842
4840207
4840572
4840937
4841303
4841668
4842033
4842398
4842764
4843129
4843494
4843859
4844225
4844590
4844955
4845320
4845686
4846051
4846416
4846781
4847147
4847512
4847877
4848242
4848608
4848973
4849338
4849703
4850069
4850434
4850799
4851164
4851530
4851895
4852260
4852625
4852991
4853356
4853721
4854086
4854451
4854816
4855181
4855546
4855912
4856277
4856642
4857007
4857373
4857738
4858103
4858468
4858834
4859199
4859564
4859929
4860295
4860660
4861025
4861390
4861756
4862121
4862486
4862851
4863217
4863582
4863947
4864312
4864678
4865043
4865408
4865773
4866139
4866504
4866869
4867234
4867600
4867965
4868330
4868695
4869061
4869426
4869791
4870156
4870522
4870887
4871252
4871617
4871983
4872348
4872713
4873078
4873444
4873809
4874174
4874539
4874905
4875270
4875635
4876000
4876366
4876731
4877096
4877461
4877827
4878192
4878557
4878922
4879288
4879653
4880018
4880383
4880749
4881114
4881479
4881844
4882210
4882575
4882940
4883305
4883671
4884036
4884401
4884766
4885132
4885497
4885862
4886227
4886593
4886958
4887323
4887688
4888054
4888419
4888784
4889149
4889515
4889880
4890245
4890610
4890975
4891340
4891705
4892070
4892436
4892801
4893166
4893531
4893897
4894262
4894627
4894992
4895358
4895723
4896088
4896453
4896819
4897184
4897549
4897914
4898280
4898645
4899010
4899375
4899741
4900106
4900471
4900836
4901202
4901567
4901932
4902297
4902663
4903028
4903393
4903758
4904124
4904489
4904854
4905219
4905585
4905950
4906315
4906680
4907046
4907411
4907776
4908141
4908507
4908872
4909237
4909602
4909968
4910333
4910698
4911063
4911429
4911794
4912159
4912524
4912890
4913255
4913620
4913985
4914351
4914716
4915081
4915446
4915812
4916177
4916542
4916907
4917273
4917638
4918003
4918368
4918734
4919099
4919464
4919829
4920195
4920560
4920925
4921290
4921656
4922021
4922386
4922751
4923117
4923482
4923847
4924212
4924578
4924943
4925308
4925673
4926039
4926404
4926769
4927134
4927499
4927864
4928229
4928594
4928960
4929325
4929690
4930055
4930421
4930786
4931151
4931516
4931882
4932247
4932612
4932977
4933343
4933708
4934073
4934438
4934804
4935169
4935534
4935899
4936265
4936630
4936995
4937360
4937726
4938091
4938456
4938821
4939187
4939552
4939917
4940282
4940648
4941013
4941378
4941743
4942109
4942474
4942839
4943204
4943570
4943935
4944300
4944665
4945031
4945396
4945761
4946126
4946492
4946857
4947222
4947587
4947953
4948318
4948683
4949048
4949414
4949779
4950144
4950509
4950875
4951240
4951605
4951970
4952336
4952701
4953066
4953431
4953797
4954162
4954527
4954892
4955258
4955623
4955988
4956353
4956719
4957084
4957449
4957814
4958180
4958545
4958910
4959275
4959641
4960006
4960371
4960736
4961102
4961467
4961832
4962197
4962563
4962928
4963293
4963658
4964024
4964389
4964754
4965119
4965485
4965850
4966215
4966580
4966946
4967311
4967676
4968041
4968407
4968772
4969137
4969502
4969868
4970233
4970598
4970963
4971329
4971694
4972059
4972424
4972790
4973155
4973520
4973885
4974251
4974616
4974981
4975346
4975712
4976077
4976442
4976807
4977173
4977538
4977903
4978268
4978634
4978999
4979364
4979729
4980095
4980460
4980825
4981190
4981556
4981921
4982286
4982651
4983017
4983382
4983747
4984112
4984478
4984843
4985208
4985573
4985939
4986304
4986669
4987034
4987400
4987765
4988130
4988495
4988861
4989226
4989591
4989956
4990322
4990687
4991052
4991417
4991783
4992148
4992513
4992878
4993244
4993609
4993974
4994339
4994705
4995070
4995435
4995800
4996166
4996531
4996896
4997261
4997627
4997992
4998357
4998722
4999088
4999453
4999818
5000183
5000548
5000913
5001278
5001643
5002009
5002374
5002739
5003104
5003470
5003835
5004200
5004565
5004931
5005296
5005661
5006026
5006392
5006757
5007122
5007487
5007853
5008218
5008583
5008948
5009314
5009679
5010044
5010409
5010775
5011140
5011505
5011870
5012236
5012601
5012966
5013331
5013697
5014062
5014427
5014792
5015158
5015523
5015888
5016253
5016619
5016984
5017349
5017714
5018080
5018445
5018810
5019175
5019541
5019906
5020271
5020636
5021002
5021367
5021732
5022097
5022463
5022828
5023193
5023558
5023924
5024289
5024654
5025019
5025385
5025750
5026115
5026480
5026846
5027211
5027576
5027941
5028307
5028672
5029037
5029402
5029768
5030133
5030498
5030863
5031229
5031594
5031959
5032324
5032690
5033055
5033420
5033785
5034151
5034516
5034881
5035246
5035612
5035977
5036342
5036707
5037072
5037437
5037802
5038167
5038533
5038898
5039263
5039628
5039994
5040359
5040724
5041089
5041455
5041820
5042185
5042550
5042916
5043281
5043646
5044011
5044377
5044742
5045107
5045472
5045838
5046203
5046568
5046933
5047299
5047664
5048029
5048394
5048760
5049125
5049490
5049855
5050221
5050586
5050951
5051316
5051682
5052047
5052412
5052777
5053143
5053508
5053873
5054238
5054604
5054969
5055334
5055699
5056065
5056430
5056795
5057160
5057526
5057891
5058256
5058621
5058987
5059352
5059717
5060082
5060448
5060813
5061178
5061543
5061909
5062274
5062639
5063004
5063370
5063735
5064100
5064465
5064831
5065196
5065561
5065926
5066292
5066657
5067022
5067387
5067753
5068118
5068483
5068848
5069214
5069579
5069944
5070309
5070675
5071040
5071405
5071770
5072136
5072501
5072866
5073231
5073596
5073961
5074326
5074691
5075057
5075422
5075787
5076152
5076518
5076883
5077248
5077613
5077979
5078344
5078709
5079074
5079440
5079805
5080170
5080535
5080901
5081266
5081631
5081996
5082362
5082727
5083092
5083457
5083823
5084188
5084553
5084918
5085284
5085649
5086014
5086379
5086745
5087110
5087475
5087840
5088206
5088571
5088936
5089301
5089667
5090032
5090397
5090762
5091128
5091493
5091858
5092223
5092589
5092954
5093319
5093684
5094050
5094415
5094780
5095145
5095511
5095876
5096241
5096606
5096972
5097337
5097702
5098067
5098433
5098798
5099163
5099528
5099894
5100259
5100624
5100989
5101355
5101720
5102085
5102450
5102816
5103181
5103546
5103911
5104277
5104642
5105007
5105372
5105738
5106103
5106468
5106833
5107199
5107564
5107929
5108294
5108660
5109025
5109390
5109755
5110121
5110486
5110851
5111216
5111582
5111947
5112312
5112677
5113043
5113408
5113773
5114138
5114504
5114869
5115234
5115599
5115965
5116330
5116695
5117060
5117426
5117791
5118156
5118521
5118887
5119252
5119617
5119982
5120348
5120713
5121078
5121443
5121809
5122174
5122539
5122904
5123270
5123635
5124000
5124365
5124731
5125096
5125461
5125826
5126192
5126557
5126922
5127287
5127653
5128018
5128383
5128748
5129114
5129479
5129844
5130209
5130575
5130940
5131305
5131670
5132036
5132401
5132766
5133131
5133497
5133862
5134227
5134592
5134958
5135323
5135688
5136053
5136419
5136784
5137149
5137514
5137880
5138245
5138610
5138975
5139341
5139706
5140071
5140436
5140802
5141167
5141532
5141897
5142263
5142628
5142993
5143358
5143724
5144089
5144454
5144819
5145185
5145550
5145915
5146280
5146645
5147010
5147375
5147740
5148106
5148471
5148836
5149201
5149567
5149932
5150297
5150662
5151028
5151393
5151758
5152123
5152489
5152854
5153219
5153584
5153950
5154315
5154680
5155045
5155411
5155776
5156141
5156506
5156872
5157237
5157602
5157967
5158333
5158698
5159063
5159428
5159794
5160159
5160524
5160889
5161255
5161620
5161985
5162350
5162716
5163081
5163446
5163811
5164177
5164542
5164907
5165272
5165638
5166003
5166368
5166733
5167099
5167464
5167829
5168194
5168560
5168925
5169290
5169655
5170021
5170386
5170751
5171116
5171482
5171847
5172212
5172577
5172943
5173308
5173673
5174038
5174404
5174769
5175134
5175499
5175865
5176230
5176595
5176960
5177326
5177691
5178056
5178421
5178787
5179152
5179517
5179882
5180248
5180613
5180978
5181343
5181709
5182074
5182439
5182804
5183169
5183534
5183899
5184264
5184630
5184995
5185360
5185725
5186091
5186456
5186821
5187186
5187552
5187917
5188282
5188647
5189013
5189378
5189743
5190108
5190474
5190839
5191204
5191569
5191935
5192300
5192665
5193030
5193396
5193761
5194126
5194491
5194857
5195222
5195587
5195952
5196318
5196683
5197048
5197413
5197779
5198144
5198509
5198874
5199240
5199605
5199970
5200335
5200701
5201066
5201431
5201796
5202162
5202527
5202892
5203257
5203623
5203988
5204353
5204718
5205084
5205449
5205814
5206179
5206545
5206910
5207275
5207640
5208006
5208371
5208736
5209101
5209467
5209832
5210197
5210562
5210928
5211293
5211658
5212023
5212389
5212754
5213119
5213484
5213850
5214215
5214580
5214945
5215311
5215676
5216041
5216406
5216772
5217137
5217502
5217867
5218233
5218598
5218963
5219328
5219693
5220058
5220423
5220788
5221154
5221519
5221884
5222249
5222615
5222980
5223345
5223710
5224076
5224441
5224806
5225171
5225537
5225902
5226267
5226632
5226998
5227363
5227728
5228093
5228459
5228824
5229189
5229554
5229920
5230285
5230650
5231015
5231381
5231746
5232111
5232476
5232842
5233207
5233572
5233937
5234303
5234668
5235033
5235398
5235764
5236129
5236494
5236859
5237225
5237590
5237955
5238320
5238686
5239051
5239416
5239781
5240147
5240512
5240877
5241242
5241608
5241973
5242338
5242703
5243069
5243434
5243799
5244164
5244530
5244895
5245260
5245625
5245991
5246356
5246721
5247086
5247452
5247817
5248182
5248547
5248913
5249278
5249643
5250008
5250374
5250739
5251104
5251469
5251835
5252200
5252565
5252930
5253296
5253661
5254026
5254391
5254757
5255122
5255487
5255852
5256218
5256583
5256948
5257313
5257679
5258044
5258409
5258774
5259140
5259505
5259870
5260235
5260601
5260966
5261331
5261696
5262062
5262427
5262792
5263157
5263523
5263888
5264253
5264618
5264984
5265349
5265714
5266079
5266445
5266810
5267175
5267540
5267906
5268271
5268636
5269001
5269367
5269732
5270097
5270462
5270828
5271193
5271558
5271923
5272289
5272654
5273019
5273384
5273750
5274115
5274480
5274845
5275211
5275576
5275941
5276306
5276672
5277037
5277402
5277767
5278133
5278498
5278863
5279228
5279594
5279959
5280324
5280689
5281055
5281420
5281785
5282150
5282516
5282881
5283246
5283611
5283977
5284342
5284707
5285072
5285438
5285803
5286168
5286533
5286899
5287264
5287629
5287994
5288360
5288725
5289090
5289455
5289821
5290186
5290551
5290916
5291282
5291647
5292012
5292377
5292742
5293107
5293472
5293837
5294203
5294568
5294933
5295298
5295664
5296029
5296394
5296759
5297125
5297490
5297855
5298220
5298586
5298951
5299316
5299681
5300047
5300412
5300777
5301142
5301508
5301873
5302238
5302603
5302969
5303334
5303699
5304064
5304430
5304795
5305160
5305525
5305891
5306256
5306621
5306986
5307352
5307717
5308082
5308447
5308813
5309178
5309543
5309908
5310274
5310639
5311004
5311369
5311735
5312100
5312465
5312830
5313196
5313561
5313926
5314291
5314657
5315022
5315387
5315752
5316118
5316483
5316848
5317213
5317579
5317944
5318309
5318674
5319040
5319405
5319770
5320135
5320501
5320866
5321231
5321596
5321962
5322327
5322692
5323057
5323423
5323788
5324153
5324518
5324884
5325249
5325614
5325979
5326345
5326710
5327075
5327440
5327806
5328171
5328536
5328901
5329266
5329631
5329996
5330361
5330727
5331092
5331457
5331822
5332188
5332553
5332918
5333283
5333649
5334014
5334379
5334744
5335110
5335475
5335840
5336205
5336571
5336936
5337301
5337666
5338032
5338397
5338762
5339127
5339493
5339858
5340223
5340588
5340954
5341319
5341684
5342049
5342415
5342780
5343145
5343510
5343876
5344241
5344606
5344971
5345337
5345702
5346067
5346432
5346798
5347163
5347528
5347893
5348259
5348624
5348989
5349354
5349720
5350085
5350450
5350815
5351181
5351546
5351911
5352276
5352642
5353007
5353372
5353737
5354103
5354468
5354833
5355198
5355564
5355929
5356294
5356659
5357025
5357390
5357755
5358120
5358486
5358851
5359216
5359581
5359947
5360312
5360677
5361042
5361408
5361773
5362138
5362503
5362869
5363234
5363599
5363964
5364330
5364695
5365060
5365425
5365790
5366155
5366520
5366885
5367251
5367616
5367981
5368346
5368712
5369077
5369442
5369807
5370173
5370538
5370903
5371268
5371634
5371999
5372364
5372729
5373095
5373460
5373825
5374190
5374556
5374921
5375286
5375651
5376017
5376382
5376747
5377112
5377478
5377843
5378208
5378573
5378939
5379304
5379669
5380034
5380400
5380765
5381130
5381495
5381861
5382226
5382591
5382956
5383322
5383687
5384052
5384417
5384783
5385148
5385513
5385878
5386244
5386609
5386974
5387339
5387705
5388070
5388435
5388800
5389166
5389531
5389896
5390261
5390627
5390992
5391357
5391722
5392088
5392453
5392818
5393183
5393549
5393914
5394279
5394644
5395010
5395375
5395740
5396105
5396471
5396836
5397201
5397566
5397932
5398297
5398662
5399027
5399393
5399758
5400123
5400488
5400854
5401219
5401584
5401949
5402315
5402680
5403045
5403410
5403776
5404141
5404506
5404871
5405237
5405602
5405967
5406332
5406698
5407063
5407428
5407793
5408159
5408524
5408889
5409254
5409620
5409985
5410350
5410715
5411081
5411446
5411811
5412176
5412542
5412907
5413272
5413637
5414003
5414368
5414733
5415098
5415464
5415829
5416194
5416559
5416925
5417290
5417655
5418020
5418386
5418751
5419116
5419481
5419847
5420212
5420577
5420942
5421308
5421673
5422038
5422403
5422769
5423134
5423499
5423864
5424230
5424595
5424960
5425325
5425691
5426056
5426421
5426786
5427152
5427517
5427882
5428247
5428613
5428978
5429343
5429708
5430074
5430439
5430804
5431169
5431535
5431900
5432265
5432630
5432996
5433361
5433726
5434091
5434457
5434822
5435187
5435552
5435918
5436283
5436648
5437013
5437379
5437744
5438109
5438474
5438839
5439204
5439569
5439934
5440300
5440665
5441030
5441395
5441761
5442126
5442491
5442856
5443222
5443587
5443952
5444317
5444683
5445048
5445413
5445778
5446144
5446509
5446874
5447239
5447605
5447970
5448335
5448700
5449066
5449431
5449796
5450161
5450527
5450892
5451257
5451622
5451988
5452353
5452718
5453083
5453449
5453814
5454179
5454544
5454910
5455275
5455640
5456005
5456371
5456736
5457101
5457466
5457832
5458197
5458562
5458927
5459293
5459658
5460023
5460388
5460754
5461119
5461484
5461849
5462215
5462580
5462945
5463310
5463676
5464041
5464406
5464771
5465137
5465502
5465867
5466232
5466598
5466963
5467328
5467693
5468059
5468424
5468789
5469154
5469520
5469885
5470250
5470615
5470981
5471346
5471711
5472076
5472442
5472807
5473172
5473537
5473903
5474268
5474633
5474998
5475363
5475728
5476093
5476458
5476824
5477189
5477554
5477919
5478285
5478650
5479015
5479380
5479746
5480111
5480476
5480841
5481207
5481572
5481937
5482302
5482668
5483033
5483398
5483763
5484129
5484494
5484859
5485224
5485590
5485955
5486320
5486685
5487051
5487416
5487781
5488146
5488512
5488877
5489242
5489607
5489973
5490338
5490703
5491068
5491434
5491799
5492164
5492529
5492895
5493260
5493625
5493990
5494356
5494721
5495086
5495451
5495817
5496182
5496547
5496912
5497278
5497643
5498008
5498373
5498739
5499104
5499469
5499834
5500200
5500565
5500930
5501295
5501661
5502026
5502391
5502756
5503122
5503487
5503852
5504217
5504583
5504948
5505313
5505678
5506044
5506409
5506774
5507139
5507505
5507870
5508235
5508600
5508966
5509331
5509696
5510061
5510427
5510792
5511157
5511522
5511887
5512252
5512617
5512982
5513348
5513713
5514078
5514443
5514809
5515174
5515539
5515904
5516270
5516635
5517000
5517365
5517731
5518096
5518461
5518826
5519192
5519557
5519922
5520287
5520653
5521018
5521383
5521748
5522114
5522479
5522844
5523209
5523575
5523940
5524305
5524670
5525036
5525401
5525766
5526131
5526497
5526862
5527227
5527592
5527958
5528323
5528688
5529053
5529419
5529784
5530149
5530514
5530880
5531245
5531610
5531975
5532341
5532706
5533071
5533436
5533802
5534167
5534532
5534897
5535263
5535628
5535993
5536358
5536724
5537089
5537454
5537819
5538185
5538550
5538915
5539280
5539646
5540011
5540376
5540741
5541107
5541472
5541837
5542202
5542568
5542933
5543298
5543663
5544029
5544394
5544759
5545124
5545490
5545855
5546220
5546585
5546951
5547316
5547681
5548046
5548412
5548777
5549142
5549507
5549873
5550238
5550603
5550968
5551334
5551699
5552064
5552429
5552795
5553160
5553525
5553890
5554256
5554621
5554986
5555351
5555717
5556082
5556447
5556812
5557178
5557543
5557908
5558273
5558639
5559004
5559369
5559734
5560100
5560465
5560830
5561195
5561561
5561926
5562291
5562656
5563022
5563387
5563752
5564117
5564483
5564848
5565213
5565578
5565944
5566309
5566674
5567039
5567405
5567770
5568135
5568500
5568866
5569231
5569596
5569961
5570327
5570692
5571057
5571422
5571788
5572153
5572518
5572883
5573249
5573614
5573979
5574344
5574710
5575075
5575440
5575805
5576171
5576536
5576901
5577266
5577632
5577997
5578362
5578727
5579093
5579458
5579823
5580188
5580554
5580919
5581284
5581649
5582015
5582380
5582745
5583110
5583476
5583841
5584206
5584571
5584936
5585301
5585666
5586031
5586397
5586762
5587127
5587492
5587858
5588223
5588588
5588953
5589319
5589684
5590049
5590414
5590780
5591145
5591510
5591875
5592241
5592606
5592971
5593336
5593702
5594067
5594432
5594797
5595163
5595528
5595893
5596258
5596624
5596989
5597354
5597719
5598085
5598450
5598815
5599180
5599546
5599911
5600276
5600641
5601007
5601372
5601737
5602102
5602468
5602833
5603198
5603563
5603929
5604294
5604659
5605024
5605390
5605755
5606120
5606485
5606851
5607216
5607581
5607946
5608312
5608677
5609042
5609407
5609773
5610138
5610503
5610868
5611234
5611599
5611964
5612329
5612695
5613060
5613425
5613790
5614156
5614521
5614886
5615251
5615617
5615982
5616347
5616712
5617078
5617443
5617808
5618173
5618539
5618904
5619269
5619634
5620000
5620365
5620730
5621095
5621460
5621825
5622190
5622555
5622921
5623286
5623651
5624016
5624382
5624747
5625112
5625477
5625843
5626208
5626573
5626938
5627304
5627669
5628034
5628399
5628765
5629130
5629495
5629860
5630226
5630591
5630956
5631321
5631687
5632052
5632417
5632782
5633148
5633513
5633878
5634243
5634609
5634974
5635339
5635704
5636070
5636435
5636800
5637165
5637531
5637896
5638261
5638626
5638992
5639357
5639722
5640087
5640453
5640818
5641183
5641548
5641914
5642279
5642644
5643009
5643375
5643740
5644105
5644470
5644836
5645201
5645566
5645931
5646297
5646662
5647027
5647392
5647758
5648123
5648488
5648853
5649219
5649584
5649949
5650314
5650680
5651045
5651410
5651775
5652141
5652506
5652871
5653236
5653602
5653967
5654332
5654697
5655063
5655428
5655793
5656158
5656524
5656889
5657254
5657619
5657984
5658349
5658714
5659079
5659445
5659810
5660175
5660540
5660906
5661271
5661636
5662001
5662367
5662732
5663097
5663462
5663828
5664193
5664558
5664923
5665289
5665654
5666019
5666384
5666750
5667115
5667480
5667845
5668211
5668576
5668941
5669306
5669672
5670037
5670402
5670767
5671133
5671498
5671863
5672228
5672594
5672959
5673324
5673689
5674055
5674420
5674785
5675150
5675516
5675881
5676246
5676611
5676977
5677342
5677707
5678072
5678438
5678803
5679168
5679533
5679899
5680264
5680629
5680994
5681360
5681725
5682090
5682455
5682821
5683186
5683551
5683916
5684282
5684647
5685012
5685377
5685743
5686108
5686473
5686838
5687204
5687569
5687934
5688299
5688665
5689030
5689395
5689760
5690126
5690491
5690856
5691221
5691587
5691952
5692317
5692682
5693048
5693413
5693778
5694143
5694509
5694874
5695239
5695604
5695970
5696335
5696700
5697065
5697431
5697796
5698161
5698526
5698892
5699257
5699622
5699987
5700353
5700718
5701083
5701448
5701814
5702179
5702544
5702909
5703275
5703640
5704005
5704370
5704736
5705101
5705466
5705831
5706197
5706562
5706927
5707292
5707658
5708023
5708388
5708753
5709119
5709484
5709849
5710214
5710580
5710945
5711310
5711675
5712041
5712406
5712771
5713136
5713502
5713867
5714232
5714597
5714963
5715328
5715693
5716058
5716424
5716789
5717154
5717519
5717885
5718250
5718615
5718980
5719346
5719711
5720076
5720441
5720807
5721172
5721537
5721902
5722268
5722633
5722998
5723363
5723729
5724094
5724459
5724824
5725190
5725555
5725920
5726285
5726651
5727016
5727381
5727746
5728112
5728477
5728842
5729207
5729573
5729938
5730303
5730668
5731033
5731398
5731763
5732128
5732494
5732859
5733224
5733589
5733955
5734320
5734685
5735050
5735416
5735781
5736146
5736511
5736877
5737242
5737607
5737972
5738338
5738703
5739068
5739433
5739799
5740164
5740529
5740894
5741260
5741625
5741990
5742355
5742721
5743086
5743451
5743816
5744182
5744547
5744912
5745277
5745643
5746008
5746373
5746738
5747104
5747469
5747834
5748199
5748565
5748930
5749295
5749660
5750026
5750391
5750756
5751121
5751487
5751852
5752217
5752582
5752948
5753313
5753678
5754043
5754409
5754774
5755139
5755504
5755870
5756235
5756600
5756965
5757331
5757696
5758061
5758426
5758792
5759157
5759522
5759887
5760253
5760618
5760983
5761348
5761714
5762079
5762444
5762809
5763175
5763540
5763905
5764270
5764636
5765001
5765366
5765731
5766097
5766462
5766827
5767192
5767557
5767922
5768287
5768652
5769018
5769383
5769748
5770113
5770479
5770844
5771209
5771574
5771940
5772305
5772670
5773035
5773401
5773766
5774131
5774496
5774862
5775227
5775592
5775957
5776323
5776688
5777053
5777418
5777784
5778149
5778514
5778879
5779245
5779610
5779975
5780340
5780706
5781071
5781436
5781801
5782167
5782532
5782897
5783262
5783628
5783993
5784358
5784723
5785089
5785454
5785819
5786184
5786550
5786915
5787280
5787645
5788011
5788376
5788741
5789106
5789472
5789837
5790202
5790567
5790933
5791298
5791663
5792028
5792394
5792759
5793124
5793489
5793855
5794220
5794585
5794950
5795316
5795681
5796046
5796411
5796777
5797142
5797507
5797872
5798238
5798603
5798968
5799333
5799699
5800064
5800429
5800794
5801160
5801525
5801890
5802255
5802621
5802986
5803351
5803716
5804081
5804446
5804811
5805176
5805542
5805907
5806272
5806637
5807003
5807368
5807733
5808098
5808464
5808829
5809194
5809559
5809925
5810290
5810655
5811020
5811386
5811751
5812116
5812481
5812847
5813212
5813577
5813942
5814308
5814673
5815038
5815403
5815769
5816134
5816499
5816864
5817230
5817595
5817960
5818325
5818691
5819056
5819421
5819786
5820152
5820517
5820882
5821247
5821613
5821978
5822343
5822708
5823074
5823439
5823804
5824169
5824535
5824900
5825265
5825630
5825996
5826361
5826726
5827091
5827457
5827822
5828187
5828552
5828918
5829283
5829648
5830013
5830379
5830744
5831109
5831474
5831840
5832205
5832570
5832935
5833301
5833666
5834031
5834396
5834762
5835127
5835492
5835857
5836223
5836588
5836953
5837318
5837684
5838049
5838414
5838779
5839145
5839510
5839875
5840240
5840606
5840971
5841336
5841701
5842067
5842432
5842797
5843162
5843528
5843893
5844258
5844623
5844989
5845354
5845719
5846084
5846450
5846815
5847180
5847545
5847911
5848276
5848641
5849006
5849372
5849737
5850102
5850467
5850833
5851198
5851563
5851928
5852294
5852659
5853024
5853389
5853755
5854120
5854485
5854850
5855216
5855581
5855946
5856311
5856677
5857042
5857407
5857772
5858138
5858503
5858868
5859233
5859599
5859964
5860329
5860694
5861060
5861425
5861790
5862155
5862521
5862886
5863251
5863616
5863982
5864347
5864712
5865077
5865443
5865808
5866173
5866538
5866904
5867269
5867634
5867999
5868365
5868730
5869095
5869460
5869826
5870191
5870556
5870921
5871287
5871652
5872017
5872382
5872748
5873113
5873478
5873843
5874209
5874574
5874939
5875304
5875670
5876035
5876400
5876765
5877130
5877495
5877860
5878225
5878591
5878956
5879321
5879686
5880052
5880417
5880782
5881147
5881513
5881878
5882243
5882608
5882974
5883339
5883704
5884069
5884435
5884800
5885165
5885530
5885896
5886261
5886626
5886991
5887357
5887722
5888087
5888452
5888818
5889183
5889548
5889913
5890279
5890644
5891009
5891374
5891740
5892105
5892470
5892835
5893201
5893566
5893931
5894296
5894662
5895027
5895392
5895757
5896123
5896488
5896853
5897218
5897584
5897949
5898314
5898679
5899045
5899410
5899775
5900140
5900506
5900871
5901236
5901601
5901967
5902332
5902697
5903062
5903428
5903793
5904158
5904523
5904889
5905254
5905619
5905984
5906350
5906715
5907080
5907445
5907811
5908176
5908541
5908906
5909272
5909637
5910002
5910367
5910733
5911098
5911463
5911828
5912194
5912559
5912924
5913289
5913654
5914019
5914384
5914749
5915115
5915480
5915845
5916210
5916576
5916941
5917306
5917671
5918037
5918402
5918767
5919132
5919498
5919863
5920228
5920593
5920959
5921324
5921689
5922054
5922420
5922785
5923150
5923515
5923881
5924246
5924611
5924976
5925342
5925707
5926072
5926437
5926803
5927168
5927533
5927898
5928264
5928629
5928994
5929359
5929725
5930090
5930455
5930820
5931186
5931551
5931916
5932281
5932647
5933012
5933377
5933742
5934108
5934473
5934838
5935203
5935569
5935934
5936299
5936664
5937030
5937395
5937760
5938125
5938491
5938856
5939221
5939586
5939952
5940317
5940682
5941047
5941413
5941778
5942143
5942508
5942874
5943239
5943604
5943969
5944335
5944700
5945065
5945430
5945796
5946161
5946526
5946891
5947257
5947622
5947987
5948352
5948718
5949083
5949448
5949813
5950178
5950543
5950908
5951273
5951639
5952004
5952369
5952734
5953100
5953465
5953830
5954195
5954561
5954926
5955291
5955656
5956022
5956387
5956752
5957117
5957483
5957848
5958213
5958578
5958944
5959309
5959674
5960039
5960405
5960770
5961135
5961500
5961866
5962231
5962596
5962961
5963327
5963692
5964057
5964422
5964788
5965153
5965518
5965883
5966249
5966614
5966979
5967344
5967710
5968075
5968440
5968805
5969171
5969536
5969901
5970266
5970632
5970997
5971362
5971727
5972093
5972458
5972823
5973188
5973554
5973919
5974284
5974649
5975015
5975380
5975745
5976110
5976476
5976841
5977206
5977571
5977937
5978302
5978667
5979032
5979398
5979763
5980128
5980493
5980859
5981224
5981589
5981954
5982320
5982685
5983050
5983415
5983781
5984146
5984511
5984876
5985242
5985607
5985972
5986337
5986703
5987068
5987433
5987798
5988164
5988529
5988894
5989259
5989625
5989990
5990355
5990720
5991086
5991451
5991816
5992181
5992547
5992912
5993277
5993642
5994008
5994373
5994738
5995103
5995469
5995834
5996199
5996564
5996930
5997295
5997660
5998025
5998391
5998756
5999121
5999486
5999852
6000217
6000582
6000947
6001313
6001678
6002043
6002408
6002774
6003139
6003504
6003869
6004235
6004600
6004965
6005330
6005696
6006061
6006426
6006791
6007157
6007522
6007887
6008252
6008618
6008983
6009348
6009713
6010079
6010444
6010809
6011174
6011540
6011905
6012270
6012635
6013001
6013366
6013731
6014096
6014462
6014827
6015192
6015557
6015923
6016288
6016653
6017018
6017384
6017749
6018114
6018479
6018845
6019210
6019575
6019940
6020306
6020671
6021036
6021401
6021767
6022132
6022497
6022862
6023227
6023592
6023957
6024322
6024688
6025053
6025418
6025783
6026149
6026514
6026879
6027244
6027610
6027975
6028340
6028705
6029071
6029436
6029801
6030166
6030532
6030897
6031262
6031627
6031993
6032358
6032723
6033088
6033454
6033819
6034184
6034549
6034915
6035280
6035645
6036010
6036376
6036741
6037106
6037471
6037837
6038202
6038567
6038932
6039298
6039663
6040028
6040393
6040759
6041124
6041489
6041854
6042220
6042585
6042950
6043315
6043681
6044046
6044411
6044776
6045142
6045507
6045872
6046237
6046603
6046968
6047333
6047698
6048064
6048429
6048794
6049159
6049525
6049890
6050255
6050620
6050986
6051351
6051716
6052081
6052447
6052812
6053177
6053542
6053908
6054273
6054638
6055003
6055369
6055734
6056099
6056464
6056830
6057195
6057560
6057925
6058291
6058656
6059021
6059386
6059751
6060116
6060481
6060846
6061212
6061577
6061942
6062307
6062673
6063038
6063403
6063768
6064134
6064499
6064864
6065229
6065595
6065960
6066325
6066690
6067056
6067421
6067786
6068151
6068517
6068882
6069247
6069612
6069978
6070343
6070708
6071073
6071439
6071804
6072169
6072534
6072900
6073265
6073630
6073995
6074361
6074726
6075091
6075456
6075822
6076187
6076552
6076917
6077283
6077648
6078013
6078378
6078744
6079109
6079474
6079839
6080205
6080570
6080935
6081300
6081666
6082031
6082396
6082761
6083127
6083492
6083857
6084222
6084588
6084953
6085318
6085683
6086049
6086414
6086779
6087144
6087510
6087875
6088240
6088605
6088971
6089336
6089701
6090066
6090432
6090797
6091162
6091527
6091893
6092258
6092623
6092988
6093354
6093719
6094084
6094449
6094815
6095180
6095545
6095910
6096275
6096640
6097005
6097370
6097736
6098101
6098466
6098831
6099197
6099562
6099927
6100292
6100658
6101023
6101388
6101753
6102119
6102484
6102849
6103214
6103580
6103945
6104310
6104675
6105041
6105406
6105771
6106136
6106502
6106867
6107232
6107597
6107963
6108328
6108693
6109058
6109424
6109789
6110154
6110519
6110885
6111250
6111615
6111980
6112346
6112711
6113076
6113441
6113807
6114172
6114537
6114902
6115268
6115633
6115998
6116363
6116729
6117094
6117459
6117824
6118190
6118555
6118920
6119285
6119651
6120016
6120381
6120746
6121112
6121477
6121842
6122207
6122573
6122938
6123303
6123668
6124034
6124399
6124764
6125129
6125495
6125860
6126225
6126590
6126956
6127321
6127686
6128051
6128417
6128782
6129147
6129512
6129878
6130243
6130608
6130973
6131339
6131704
6132069
6132434
6132800
6133165
6133530
6133895
6134261
6134626
6134991
6135356
6135722
6136087
6136452
6136817
6137183
6137548
6137913
6138278
6138644
6139009
6139374
6139739
6140105
6140470
6140835
6141200
6141566
6141931
6142296
6142661
6143027
6143392
6143757
6144122
6144488
6144853
6145218
6145583
6145949
6146314
6146679
6147044
6147410
6147775
6148140
6148505
6148871
6149236
6149601
6149966
6150332
6150697
6151062
6151427
6151793
6152158
6152523
6152888
6153254
6153619
6153984
6154349
6154715
6155080
6155445
6155810
6156176
6156541
6156906
6157271
6157637
6158002
6158367
6158732
6159098
6159463
6159828
6160193
6160559
6160924
6161289
6161654
6162020
6162385
6162750
6163115
6163481
6163846
6164211
6164576
6164942
6165307
6165672
6166037
6166403
6166768
6167133
6167498
6167864
6168229
6168594
6168959
6169324
6169689
6170054
6170419
6170785
6171150
6171515
6171880
6172246
6172611
6172976
6173341
6173707
6174072
6174437
6174802
6175168
6175533
6175898
6176263
6176629
6176994
6177359
6177724
6178090
6178455
6178820
6179185
6179551
6179916
6180281
6180646
6181012
6181377
6181742
6182107
6182473
6182838
6183203
6183568
6183934
6184299
6184664
6185029
6185395
6185760
6186125
6186490
6186856
6187221
6187586
6187951
6188317
6188682
6189047
6189412
6189778
6190143
6190508
6190873
6191239
6191604
6191969
6192334
6192700
6193065
6193430
6193795
6194161
6194526
6194891
6195256
6195622
6195987
6196352
6196717
6197083
6197448
6197813
6198178
6198544
6198909
6199274
6199639
6200005
6200370
6200735
6201100
6201466
6201831
6202196
6202561
6202927
6203292
6203657
6204022
6204388
6204753
6205118
6205483
6205848
6206213
6206578
6206943
6207309
6207674
6208039
6208404
6208770
6209135
6209500
6209865
6210231
6210596
6210961
6211326
6211692
6212057
6212422
6212787
6213153
6213518
6213883
6214248
6214614
6214979
6215344
6215709
6216075
6216440
6216805
6217170
6217536
6217901
6218266
6218631
6218997
6219362
6219727
6220092
6220458
6220823
6221188
6221553
6221919
6222284
6222649
6223014
6223380
6223745
6224110
6224475
6224841
6225206
6225571
6225936
6226302
6226667
6227032
6227397
6227763
6228128
6228493
6228858
6229224
6229589
6229954
6230319
6230685
6231050
6231415
6231780
6232146
6232511
6232876
6233241
6233607
6233972
6234337
6234702
6235068
6235433
6235798
6236163
6236529
6236894
6237259
6237624
6237990
6238355
6238720
6239085
6239451
6239816
6240181
6240546
6240912
6241277
6241642
6242007
6242372
6242737
6243102
6243467
6243833
6244198
6244563
6244928
6245294
6245659
6246024
6246389
6246755
6247120
6247485
6247850
6248216
6248581
6248946
6249311
6249677
6250042
6250407
6250772
6251138
6251503
6251868
6252233
6252599
6252964
6253329
6253694
6254060
6254425
6254790
6255155
6255521
6255886
6256251
6256616
6256982
6257347
6257712
6258077
6258443
6258808
6259173
6259538
6259904
6260269
6260634
6260999
6261365
6261730
6262095
6262460
6262826
6263191
6263556
6263921
6264287
6264652
6265017
6265382
6265748
6266113
6266478
6266843
6267209
6267574
6267939
6268304
6268670
6269035
6269400
6269765
6270131
6270496
6270861
6271226
6271592
6271957
6272322
6272687
6273053
6273418
6273783
6274148
6274514
6274879
6275244
6275609
6275975
6276340
6276705
6277070
6277436
6277801
6278166
6278531
6278897
6279262
6279627
6279992
6280358
6280723
6281088
6281453
6281819
6282184
6282549
6282914
6283280
6283645
6284010
6284375
6284741
6285106
6285471
6285836
6286202
6286567
6286932
6287297
6287663
6288028
6288393
6288758
6289124
6289489
6289854
6290219
6290585
6290950
6291315
6291680
6292046
6292411
6292776
6293141
6293507
6293872
6294237
6294602
6294968
6295333
6295698
6296063
6296429
6296794
6297159
6297524
6297890
6298255
6298620
6298985
6299351
6299716
6300081
6300446
6300812
6301177
6301542
6301907
6302273
6302638
6303003
6303368
6303734
6304099
6304464
6304829
6305195
6305560
6305925
6306290
6306656
6307021
6307386
6307751
6308117
6308482
6308847
6309212
6309578
6309943
6310308
6310673
6311039
6311404
6311769
6312134
6312500
6312865
6313230
6313595
6313961
6314326
6314691
6315056
6315421
6315786
6316151
6316516
6316882
6317247
6317612
6317977
6318343
6318708
6319073
6319438
6319804
6320169
6320534
6320899
6321265
6321630
6321995
6322360
6322726
6323091
6323456
6323821
6324187
6324552
6324917
6325282
6325648
6326013
6326378
6326743
6327109
6327474
6327839
6328204
6328570
6328935
6329300
6329665
6330031
6330396
6330761
6331126
6331492
6331857
6332222
6332587
6332953
6333318
6333683
6334048
6334414
6334779
6335144
6335509
6335875
6336240
6336605
6336970
6337336
6337701
6338066
6338431
6338797
6339162
6339527
6339892
6340258
6340623
6340988
6341353
6341719
6342084
6342449
6342814
6343180
6343545
6343910
6344275
6344641
6345006
6345371
6345736
6346102
6346467
6346832
6347197
6347563
6347928
6348293
6348658
6349024
6349389
6349754
6350119
6350485
6350850
6351215
6351580
6351945
6352310
6352675
6353040
6353406
6353771
6354136
6354501
6354867
6355232
6355597
6355962
6356328
6356693
6357058
6357423
6357789
6358154
6358519
6358884
6359250
6359615
6359980
6360345
6360711
6361076
6361441
6361806
6362172
6362537
6362902
6363267
6363633
6363998
6364363
6364728
6365094
6365459
6365824
6366189
6366555
6366920
6367285
6367650
6368016
6368381
6368746
6369111
6369477
6369842
6370207
6370572
6370938
6371303
6371668
6372033
6372399
6372764
6373129
6373494
6373860
6374225
6374590
6374955
6375321
6375686
6376051
6376416
6376782
6377147
6377512
6377877
6378243
6378608
6378973
6379338
6379704
6380069
6380434
6380799
6381165
6381530
6381895
6382260
6382626
6382991
6383356
6383721
6384087
6384452
6384817
6385182
6385548
6385913
6386278
6386643
6387009
6387374
6387739
6388104
6388469
6388834
6389199
6389564
6389930
6390295
6390660
6391025
6391391
6391756
6392121
6392486
6392852
6393217
6393582
6393947
6394313
6394678
6395043
6395408
6395774
6396139
6396504
6396869
6397235
6397600
6397965
6398330
6398696
6399061
6399426
6399791
6400157
6400522
6400887
6401252
6401618
6401983
6402348
6402713
6403079
6403444
6403809
6404174
6404540
6404905
6405270
6405635
6406001
6406366
6406731
6407096
6407462
6407827
6408192
6408557
6408923
6409288
6409653
6410018
6410384
6410749
6411114
6411479
6411845
6412210
6412575
6412940
6413306
6413671
6414036
6414401
6414767
6415132
6415497
6415862
6416228
6416593
6416958
6417323
6417689
6418054
6418419
6418784
6419150
6419515
6419880
6420245
6420611
6420976
6421341
6421706
6422072
6422437
6422802
6423167
6423533
6423898
6424263
6424628
6424994
6425359
6425724
6426089
6426455
6426820
6427185
6427550
6427916
6428281
6428646
6429011
6429377
6429742
6430107
6430472
6430838
6431203
6431568
6431933
6432299
6432664
6433029
6433394
6433760
6434125
6434490
6434855
6435221
6435586
6435951
6436316
6436682
6437047
6437412
6437777
6438143
6438508
6438873
6439238
6439604
6439969
6440334
6440699
6441065
6441430
6441795
6442160
6442526
6442891
6443256
6443621
6443987
6444352
6444717
6445082
6445448
6445813
6446178
6446543
6446909
6447274
6447639
6448004
6448370
6448735
6449100
6449465
6449831
6450196
6450561
6450926
6451292
6451657
6452022
6452387
6452753
6453118
6453483
6453848
6454214
6454579
6454944
6455309
6455675
6456040
6456405
6456770
6457136
6457501
6457866
6458231
6458597
6458962
6459327
6459692
6460058
6460423
6460788
6461153
6461518
6461883
6462248
6462613
6462979
6463344
6463709
6464074
6464440
6464805
6465170
6465535
6465901
6466266
6466631
6466996
6467362
6467727
6468092
6468457
6468823
6469188
6469553
6469918
6470284
6470649
6471014
6471379
6471745
6472110
6472475
6472840
6473206
6473571
6473936
6474301
6474667
6475032
6475397
6475762
6476128
6476493
6476858
6477223
6477589
6477954
6478319
6478684
6479050
6479415
6479780
6480145
6480511
6480876
6481241
6481606
6481972
6482337
6482702
6483067
6483433
6483798
6484163
6484528
6484894
6485259
6485624
6485989
6486355
6486720
6487085
6487450
6487816
6488181
6488546
6488911
6489277
6489642
6490007
6490372
6490738
6491103
6491468
6491833
6492199
6492564
6492929
6493294
6493660
6494025
6494390
6494755
6495121
6495486
6495851
6496216
6496582
6496947
6497312
6497677
6498042
6498407
6498772
6499137
6499503
6499868
6500233
6500598
6500964
6501329
6501694
6502059
6502425
6502790
6503155
6503520
6503886
6504251
6504616
6504981
6505347
6505712
6506077
6506442
6506808
6507173
6507538
6507903
6508269
6508634
6508999
6509364
6509730
6510095
6510460
6510825
6511191
6511556
6511921
6512286
6512652
6513017
6513382
6513747
6514113
6514478
6514843
6515208
6515574
6515939
6516304
6516669
6517035
6517400
6517765
6518130
6518496
6518861
6519226
6519591
6519957
6520322
6520687
6521052
6521418
6521783
6522148
6522513
6522879
6523244
6523609
6523974
6524340
6524705
6525070
6525435
6525801
6526166
6526531
6526896
6527262
6527627
6527992
6528357
6528723
6529088
6529453
6529818
6530184
6530549
6530914
6531279
6531645
6532010
6532375
6532740
6533106
6533471
6533836
6534201
6534566
6534931
6535296
6535661
6536027
6536392
6536757
6537122
6537488
6537853
6538218
6538583
6538949
6539314
6539679
6540044
6540410
6540775
6541140
6541505
6541871
6542236
6542601
6542966
6543332
6543697
6544062
6544427
6544793
6545158
6545523
6545888
6546254
6546619
6546984
6547349
6547715
6548080
6548445
6548810
6549176
6549541
6549906
6550271
6550637
6551002
6551367
6551732
6552098
6552463
6552828
6553193
6553559
6553924
6554289
6554654
6555020
6555385
6555750
6556115
6556481
6556846
6557211
6557576
6557942
6558307
6558672
6559037
6559403
6559768
6560133
6560498
6560864
6561229
6561594
6561959
6562325
6562690
6563055
6563420
6563786
6564151
6564516
6564881
6565247
6565612
6565977
6566342
6566708
6567073
6567438
6567803
6568169
6568534
6568899
6569264
6569630
6569995
